10:15:08.701  3101 [main] INFO  o.t.t.e.b.c.TelegramLongPollingCommandBot - создание бота
10:15:50.103  44503 [CourseMaker_bot Telegram Executor] INFO  o.t.t.e.b.c.TelegramLongPollingCommandBot - onUpdatesReceived Start
10:15:50.110  44510 [CourseMaker_bot Telegram Executor] INFO  o.t.t.e.b.c.TelegramLongPollingCommandBot - Обработка запроса начата
10:15:50.110  44510 [CourseMaker_bot Telegram Executor] DEBUG o.t.t.e.b.c.TelegramLongPollingCommandBot - getUserName Start
10:15:50.111  44511 [CourseMaker_bot Telegram Executor] DEBUG o.t.t.e.b.c.TelegramLongPollingCommandBot -  getUserName end
10:15:50.130  44530 [CourseMaker_bot Telegram Executor] INFO  ru.liga.service.CourseMakerService - Начало процесса вычесления прогноза курса
10:15:50.131  44531 [CourseMaker_bot Telegram Executor] DEBUG ru.liga.model.Command - Определение валют для расчета курса
10:15:50.131  44531 [CourseMaker_bot Telegram Executor] INFO  ru.liga.model.Command - Определение валют для расчета курса
10:15:50.132  44532 [CourseMaker_bot Telegram Executor] DEBUG ru.liga.model.Command - Проверка типа валюты
10:15:50.138  44538 [CourseMaker_bot Telegram Executor] DEBUG ru.liga.model.Command - Валюты определены: [USD]
10:15:50.138  44538 [CourseMaker_bot Telegram Executor] DEBUG ru.liga.model.Command - Определение периода для расчета курса
10:15:50.138  44538 [CourseMaker_bot Telegram Executor] INFO  ru.liga.model.Command - Определение периода для расчета курса
10:15:50.154  44554 [CourseMaker_bot Telegram Executor] INFO  ru.liga.model.Command - Определение алгоритма для расчета курса
10:15:50.155  44555 [CourseMaker_bot Telegram Executor] DEBUG ru.liga.model.Command - Проверка алгоритма
10:15:50.156  44556 [CourseMaker_bot Telegram Executor] DEBUG ru.liga.model.Command - Алгоритм определен: linereg
10:15:50.165  44565 [CourseMaker_bot Telegram Executor] INFO  ru.liga.mapper.ReadMapperCourse - Начало подготовки исторических данных по руксам валют
10:15:50.165  44565 [CourseMaker_bot Telegram Executor] DEBUG ru.liga.mapper.ReadMapperCourse - Определение пути до файла с историей курсов валют
10:15:50.198  44598 [CourseMaker_bot Telegram Executor] INFO  ru.liga.mapper.ReadMapperCourse - Подготовка исторических данных по руксам валют завершена
10:15:50.209  44609 [CourseMaker_bot Telegram Executor] INFO  ru.liga.logic.LinearRegressionAlg - Расчет прогноза курса по алгоритму Mystical
10:15:50.209  44609 [CourseMaker_bot Telegram Executor] DEBUG ru.liga.logic.LinearRegressionAlg - Добавление нового курса
10:15:50.209  44609 [CourseMaker_bot Telegram Executor] DEBUG ru.liga.logic.LinearRegressionAlg - Расчет стоимости валюты
10:15:50.216  44616 [CourseMaker_bot Telegram Executor] DEBUG ru.liga.logic.LinearRegressionAlg - Добавление нового курса
10:15:50.216  44616 [CourseMaker_bot Telegram Executor] DEBUG ru.liga.logic.LinearRegressionAlg - Расчет стоимости валюты
10:15:50.216  44616 [CourseMaker_bot Telegram Executor] DEBUG ru.liga.logic.LinearRegressionAlg - Добавление нового курса
10:15:50.216  44616 [CourseMaker_bot Telegram Executor] DEBUG ru.liga.logic.LinearRegressionAlg - Расчет стоимости валюты
10:15:50.216  44616 [CourseMaker_bot Telegram Executor] DEBUG ru.liga.logic.LinearRegressionAlg - Добавление нового курса
10:15:50.216  44616 [CourseMaker_bot Telegram Executor] DEBUG ru.liga.logic.LinearRegressionAlg - Расчет стоимости валюты
10:15:50.217  44617 [CourseMaker_bot Telegram Executor] DEBUG ru.liga.logic.LinearRegressionAlg - Добавление нового курса
10:15:50.217  44617 [CourseMaker_bot Telegram Executor] DEBUG ru.liga.logic.LinearRegressionAlg - Расчет стоимости валюты
10:15:50.217  44617 [CourseMaker_bot Telegram Executor] DEBUG ru.liga.logic.LinearRegressionAlg - Добавление нового курса
10:15:50.217  44617 [CourseMaker_bot Telegram Executor] DEBUG ru.liga.logic.LinearRegressionAlg - Расчет стоимости валюты
10:15:50.217  44617 [CourseMaker_bot Telegram Executor] DEBUG ru.liga.logic.LinearRegressionAlg - Добавление нового курса
10:15:50.218  44618 [CourseMaker_bot Telegram Executor] DEBUG ru.liga.logic.LinearRegressionAlg - Расчет стоимости валюты
10:15:50.218  44618 [CourseMaker_bot Telegram Executor] DEBUG ru.liga.logic.LinearRegressionAlg - Добавление нового курса
10:15:50.218  44618 [CourseMaker_bot Telegram Executor] DEBUG ru.liga.logic.LinearRegressionAlg - Расчет стоимости валюты
10:15:50.218  44618 [CourseMaker_bot Telegram Executor] DEBUG ru.liga.logic.LinearRegressionAlg - Добавление нового курса
10:15:50.218  44618 [CourseMaker_bot Telegram Executor] DEBUG ru.liga.logic.LinearRegressionAlg - Расчет стоимости валюты
10:15:50.219  44619 [CourseMaker_bot Telegram Executor] DEBUG ru.liga.logic.LinearRegressionAlg - Добавление нового курса
10:15:50.219  44619 [CourseMaker_bot Telegram Executor] DEBUG ru.liga.logic.LinearRegressionAlg - Расчет стоимости валюты
10:15:50.219  44619 [CourseMaker_bot Telegram Executor] DEBUG ru.liga.logic.LinearRegressionAlg - Добавление нового курса
10:15:50.219  44619 [CourseMaker_bot Telegram Executor] DEBUG ru.liga.logic.LinearRegressionAlg - Расчет стоимости валюты
10:15:50.219  44619 [CourseMaker_bot Telegram Executor] DEBUG ru.liga.logic.LinearRegressionAlg - Добавление нового курса
10:15:50.219  44619 [CourseMaker_bot Telegram Executor] DEBUG ru.liga.logic.LinearRegressionAlg - Расчет стоимости валюты
10:15:50.220  44620 [CourseMaker_bot Telegram Executor] INFO  ru.liga.model.Command - Определение формата результата
10:15:50.220  44620 [CourseMaker_bot Telegram Executor] INFO  ru.liga.model.Command - Определение формата результата
10:15:50.220  44620 [CourseMaker_bot Telegram Executor] INFO  ru.liga.service.CourseMakerService - Конец процесса вычесления прогноза курса
10:15:50.222  44622 [CourseMaker_bot Telegram Executor] INFO  ru.liga.model.Command - Определение формата результата
10:15:50.275  44675 [CourseMaker_bot Telegram Executor] DEBUG ru.liga.tgbot.ContentBot - setChatId was called. Определение Id чата для отправки сообщения: 361812473
10:15:50.435  44835 [CourseMaker_bot Telegram Executor] INFO  o.t.t.e.b.c.TelegramLongPollingCommandBot - Обработка запроса закончена
10:15:50.435  44835 [CourseMaker_bot Telegram Executor] INFO  o.t.t.e.b.c.TelegramLongPollingCommandBot - onUpdatesReceived end
